# JRE version: Java(TM) SE Runtime Environment (14.0.2+12) (build 14.0.2+12-46)
# Java VM: Java HotSpot(TM) 64-Bit Server VM (14.0.2+12-46, mixed mode, sharing, tiered, compressed oops, g1 gc, windows-amd64)
Heap:
 garbage-first heap   total 119808K, used 79146K [0x0000000081a00000, 0x0000000100000000)
  region size 1024K, 51 young (52224K), 5 survivors (5120K)
 Metaspace       used 4834K, capacity 5587K, committed 5760K, reserved 1056768K
  class space    used 409K, capacity 518K, committed 640K, reserved 1048576K
GC Heap History (20 events):
Event: 0.820 GC heap before
{Heap before GC invocations=0 (full 0):
 garbage-first heap   total 131072K, used 68608K [0x0000000081a00000, 0x0000000100000000)
  region size 1024K, 12 young (12288K), 0 survivors (0K)
 Metaspace       used 3851K, capacity 5079K, committed 5120K, reserved 1056768K
  class space    used 371K, capacity 478K, committed 512K, reserved 1048576K
}
Event: 0.825 GC heap after
{Heap after GC invocations=1 (full 0):
 garbage-first heap   total 131072K, used 20118K [0x0000000081a00000, 0x0000000100000000)
  region size 1024K, 2 young (2048K), 2 survivors (2048K)
 Metaspace       used 3851K, capacity 5079K, committed 5120K, reserved 1056768K
  class space    used 371K, capacity 478K, committed 512K, reserved 1048576K
}
Event: 1.041 GC heap before
{Heap before GC invocations=2 (full 0):
 garbage-first heap   total 99328K, used 50838K [0x0000000081a00000, 0x0000000100000000)
  region size 1024K, 14 young (14336K), 2 survivors (2048K)
 Metaspace       used 4196K, capacity 5106K, committed 5376K, reserved 1056768K
  class space    used 383K, capacity 486K, committed 512K, reserved 1048576K
}
Event: 1.046 GC heap after
{Heap after GC invocations=3 (full 0):
 garbage-first heap   total 99328K, used 25465K [0x0000000081a00000, 0x0000000100000000)
  region size 1024K, 2 young (2048K), 2 survivors (2048K)
 Metaspace       used 4196K, capacity 5106K, committed 5376K, reserved 1056768K
  class space    used 383K, capacity 486K, committed 512K, reserved 1048576K
}
Event: 1.141 GC heap before
{Heap before GC invocations=3 (full 0):
 garbage-first heap   total 99328K, used 44921K [0x0000000081a00000, 0x0000000100000000)
  region size 1024K, 21 young (21504K), 2 survivors (2048K)
 Metaspace       used 4235K, capacity 5106K, committed 5376K, reserved 1056768K
  class space    used 383K, capacity 486K, committed 512K, reserved 1048576K
}
Event: 1.143 GC heap after
{Heap after GC invocations=4 (full 0):
 garbage-first heap   total 99328K, used 26462K [0x0000000081a00000, 0x0000000100000000)
  region size 1024K, 1 young (1024K), 1 survivors (1024K)
 Metaspace       used 4235K, capacity 5106K, committed 5376K, reserved 1056768K
  class space    used 383K, capacity 486K, committed 512K, reserved 1048576K
}
Event: 1.322 GC heap before
{Heap before GC invocations=4 (full 0):
 garbage-first heap   total 99328K, used 75614K [0x0000000081a00000, 0x0000000100000000)
  region size 1024K, 49 young (50176K), 1 survivors (1024K)
 Metaspace       used 4309K, capacity 5171K, committed 5376K, reserved 1056768K
  class space    used 383K, capacity 486K, committed 512K, reserved 1048576K
}
Event: 1.324 GC heap after
{Heap after GC invocations=5 (full 0):
 garbage-first heap   total 99328K, used 27150K [0x0000000081a00000, 0x0000000100000000)
  region size 1024K, 2 young (2048K), 2 survivors (2048K)
 Metaspace       used 4309K, capacity 5171K, committed 5376K, reserved 1056768K
  class space    used 383K, capacity 486K, committed 512K, reserved 1048576K
}
Event: 1.477 GC heap before
{Heap before GC invocations=5 (full 0):
 garbage-first heap   total 99328K, used 78350K [0x0000000081a00000, 0x0000000100000000)
  region size 1024K, 52 young (53248K), 2 survivors (2048K)
 Metaspace       used 4336K, capacity 5171K, committed 5376K, reserved 1056768K
  class space    used 383K, capacity 486K, committed 512K, reserved 1048576K
}
Event: 1.480 GC heap after
{Heap after GC invocations=6 (full 0):
 garbage-first heap   total 99328K, used 27963K [0x0000000081a00000, 0x0000000100000000)
  region size 1024K, 2 young (2048K), 2 survivors (2048K)
 Metaspace       used 4336K, capacity 5171K, committed 5376K, reserved 1056768K
  class space    used 383K, capacity 486K, committed 512K, reserved 1048576K
}
Event: 1.567 GC heap before
{Heap before GC invocations=6 (full 0):
 garbage-first heap   total 99328K, used 80187K [0x0000000081a00000, 0x0000000100000000)
  region size 1024K, 53 young (54272K), 2 survivors (2048K)
 Metaspace       used 4361K, capacity 5171K, committed 5376K, reserved 1056768K
  class space    used 383K, capacity 486K, committed 512K, reserved 1048576K
}
Event: 1.571 GC heap after
{Heap after GC invocations=7 (full 0):
 garbage-first heap   total 99328K, used 28843K [0x0000000081a00000, 0x0000000100000000)
  region size 1024K, 3 young (3072K), 3 survivors (3072K)
 Metaspace       used 4361K, capacity 5171K, committed 5376K, reserved 1056768K
  class space    used 383K, capacity 486K, committed 512K, reserved 1048576K
}
Event: 1.643 GC heap before
{Heap before GC invocations=7 (full 0):
 garbage-first heap   total 99328K, used 81067K [0x0000000081a00000, 0x0000000100000000)
  region size 1024K, 54 young (55296K), 3 survivors (3072K)
 Metaspace       used 4361K, capacity 5171K, committed 5376K, reserved 1056768K
  class space    used 383K, capacity 486K, committed 512K, reserved 1048576K
}
Event: 1.648 GC heap after
{Heap after GC invocations=8 (full 0):
 garbage-first heap   total 119808K, used 30011K [0x0000000081a00000, 0x0000000100000000)
  region size 1024K, 4 young (4096K), 4 survivors (4096K)
 Metaspace       used 4361K, capacity 5171K, committed 5376K, reserved 1056768K
  class space    used 383K, capacity 486K, committed 512K, reserved 1048576K
}
Event: 1.748 GC heap before
{Heap before GC invocations=8 (full 0):
 garbage-first heap   total 119808K, used 97595K [0x0000000081a00000, 0x0000000100000000)
  region size 1024K, 70 young (71680K), 4 survivors (4096K)
 Metaspace       used 4361K, capacity 5171K, committed 5376K, reserved 1056768K
  class space    used 383K, capacity 486K, committed 512K, reserved 1048576K
}
Event: 1.753 GC heap after
{Heap after GC invocations=9 (full 0):
 garbage-first heap   total 119808K, used 31035K [0x0000000081a00000, 0x0000000100000000)
  region size 1024K, 5 young (5120K), 5 survivors (5120K)
 Metaspace       used 4361K, capacity 5171K, committed 5376K, reserved 1056768K
  class space    used 383K, capacity 486K, committed 512K, reserved 1048576K
}
Event: 1.840 GC heap before
{Heap before GC invocations=9 (full 0):
 garbage-first heap   total 119808K, used 97595K [0x0000000081a00000, 0x0000000100000000)
  region size 1024K, 70 young (71680K), 5 survivors (5120K)
 Metaspace       used 4361K, capacity 5171K, committed 5376K, reserved 1056768K
  class space    used 383K, capacity 486K, committed 512K, reserved 1048576K
}
Event: 1.847 GC heap after
{Heap after GC invocations=10 (full 0):
 garbage-first heap   total 119808K, used 32263K [0x0000000081a00000, 0x0000000100000000)
  region size 1024K, 6 young (6144K), 6 survivors (6144K)
 Metaspace       used 4361K, capacity 5171K, committed 5376K, reserved 1056768K
  class space    used 383K, capacity 486K, committed 512K, reserved 1048576K
}
Event: 1.937 GC heap before
{Heap before GC invocations=10 (full 0):
 garbage-first heap   total 119808K, used 97799K [0x0000000081a00000, 0x0000000100000000)
  region size 1024K, 70 young (71680K), 6 survivors (6144K)
 Metaspace       used 4361K, capacity 5171K, committed 5376K, reserved 1056768K
  class space    used 383K, capacity 486K, committed 512K, reserved 1048576K
}
Event: 1.943 GC heap after
{Heap after GC invocations=11 (full 0):
 garbage-first heap   total 119808K, used 33066K [0x0000000081a00000, 0x0000000100000000)
  region size 1024K, 5 young (5120K), 5 survivors (5120K)
 Metaspace       used 4361K, capacity 5171K, committed 5376K, reserved 1056768K
  class space    used 383K, capacity 486K, committed 512K, reserved 1048576K
}

