# JRE version: Java(TM) SE Runtime Environment (14.0.2+12) (build 14.0.2+12-46)
# Java VM: Java HotSpot(TM) 64-Bit Server VM (14.0.2+12-46, mixed mode, sharing, tiered, compressed oops, g1 gc, windows-amd64)
Heap:
 garbage-first heap   total 567296K, used 372343K [0x0000000081a00000, 0x0000000100000000)
  region size 1024K, 268 young (274432K), 44 survivors (45056K)
 Metaspace       used 7484K, capacity 7715K, committed 7936K, reserved 1056768K
  class space    used 678K, capacity 759K, committed 768K, reserved 1048576K
GC Heap History (20 events):
Event: 9.871 GC heap before
{Heap before GC invocations=53 (full 0):
 garbage-first heap   total 560128K, used 259439K [0x0000000081a00000, 0x0000000100000000)
  region size 1024K, 145 young (148480K), 12 survivors (12288K)
 Metaspace       used 6526K, capacity 6788K, committed 6912K, reserved 1056768K
  class space    used 593K, capacity 663K, committed 768K, reserved 1048576K
}
Event: 9.876 GC heap after
{Heap after GC invocations=54 (full 0):
 garbage-first heap   total 560128K, used 126976K [0x0000000081a00000, 0x0000000100000000)
  region size 1024K, 3 young (3072K), 3 survivors (3072K)
 Metaspace       used 6526K, capacity 6788K, committed 6912K, reserved 1056768K
  class space    used 593K, capacity 663K, committed 768K, reserved 1048576K
}
Event: 10.189 GC heap before
{Heap before GC invocations=54 (full 0):
 garbage-first heap   total 560128K, used 376832K [0x0000000081a00000, 0x0000000100000000)
  region size 1024K, 247 young (252928K), 3 survivors (3072K)
 Metaspace       used 6577K, capacity 6789K, committed 6912K, reserved 1056768K
  class space    used 593K, capacity 663K, committed 768K, reserved 1048576K
}
Event: 10.195 GC heap after
{Heap after GC invocations=55 (full 0):
 garbage-first heap   total 560128K, used 130881K [0x0000000081a00000, 0x0000000100000000)
  region size 1024K, 7 young (7168K), 7 survivors (7168K)
 Metaspace       used 6577K, capacity 6789K, committed 6912K, reserved 1056768K
  class space    used 593K, capacity 663K, committed 768K, reserved 1048576K
}
Event: 10.617 GC heap before
{Heap before GC invocations=55 (full 0):
 garbage-first heap   total 560128K, used 401217K [0x0000000081a00000, 0x0000000100000000)
  region size 1024K, 271 young (277504K), 7 survivors (7168K)
 Metaspace       used 6578K, capacity 6789K, committed 6912K, reserved 1056768K
  class space    used 593K, capacity 663K, committed 768K, reserved 1048576K
}
Event: 10.625 GC heap after
{Heap after GC invocations=56 (full 0):
 garbage-first heap   total 560128K, used 136192K [0x0000000081a00000, 0x0000000100000000)
  region size 1024K, 12 young (12288K), 12 survivors (12288K)
 Metaspace       used 6578K, capacity 6789K, committed 6912K, reserved 1056768K
  class space    used 593K, capacity 663K, committed 768K, reserved 1048576K
}
Event: 10.983 GC heap before
{Heap before GC invocations=56 (full 0):
 garbage-first heap   total 560128K, used 420864K [0x0000000081a00000, 0x0000000100000000)
  region size 1024K, 290 young (296960K), 12 survivors (12288K)
 Metaspace       used 6578K, capacity 6789K, committed 6912K, reserved 1056768K
  class space    used 593K, capacity 663K, committed 768K, reserved 1048576K
}
Event: 10.993 GC heap after
{Heap after GC invocations=57 (full 0):
 garbage-first heap   total 560128K, used 141822K [0x0000000081a00000, 0x0000000100000000)
  region size 1024K, 18 young (18432K), 18 survivors (18432K)
 Metaspace       used 6578K, capacity 6789K, committed 6912K, reserved 1056768K
  class space    used 593K, capacity 663K, committed 768K, reserved 1048576K
}
Event: 11.322 GC heap before
{Heap before GC invocations=57 (full 0):
 garbage-first heap   total 560128K, used 435710K [0x0000000081a00000, 0x0000000100000000)
  region size 1024K, 305 young (312320K), 18 survivors (18432K)
 Metaspace       used 6578K, capacity 6789K, committed 6912K, reserved 1056768K
  class space    used 593K, capacity 663K, committed 768K, reserved 1048576K
}
Event: 11.335 GC heap after
{Heap after GC invocations=58 (full 0):
 garbage-first heap   total 560128K, used 146432K [0x0000000081a00000, 0x0000000100000000)
  region size 1024K, 22 young (22528K), 22 survivors (22528K)
 Metaspace       used 6578K, capacity 6789K, committed 6912K, reserved 1056768K
  class space    used 593K, capacity 663K, committed 768K, reserved 1048576K
}
Event: 11.695 GC heap before
{Heap before GC invocations=58 (full 0):
 garbage-first heap   total 560128K, used 448512K [0x0000000081a00000, 0x0000000100000000)
  region size 1024K, 317 young (324608K), 22 survivors (22528K)
 Metaspace       used 6578K, capacity 6789K, committed 6912K, reserved 1056768K
  class space    used 593K, capacity 663K, committed 768K, reserved 1048576K
}
Event: 11.711 GC heap after
{Heap after GC invocations=59 (full 0):
 garbage-first heap   total 560128K, used 151936K [0x0000000081a00000, 0x0000000100000000)
  region size 1024K, 25 young (25600K), 25 survivors (25600K)
 Metaspace       used 6578K, capacity 6789K, committed 6912K, reserved 1056768K
  class space    used 593K, capacity 663K, committed 768K, reserved 1048576K
}
Event: 12.089 GC heap before
{Heap before GC invocations=59 (full 0):
 garbage-first heap   total 560128K, used 458112K [0x0000000081a00000, 0x0000000100000000)
  region size 1024K, 324 young (331776K), 25 survivors (25600K)
 Metaspace       used 6578K, capacity 6789K, committed 6912K, reserved 1056768K
  class space    used 593K, capacity 663K, committed 768K, reserved 1048576K
}
Event: 12.106 GC heap after
{Heap after GC invocations=60 (full 0):
 garbage-first heap   total 560128K, used 158478K [0x0000000081a00000, 0x0000000100000000)
  region size 1024K, 27 young (27648K), 27 survivors (27648K)
 Metaspace       used 6578K, capacity 6789K, committed 6912K, reserved 1056768K
  class space    used 593K, capacity 663K, committed 768K, reserved 1048576K
}
Event: 12.407 GC heap before
{Heap before GC invocations=60 (full 0):
 garbage-first heap   total 560128K, used 464654K [0x0000000081a00000, 0x0000000100000000)
  region size 1024K, 326 young (333824K), 27 survivors (27648K)
 Metaspace       used 6578K, capacity 6789K, committed 6912K, reserved 1056768K
  class space    used 593K, capacity 663K, committed 768K, reserved 1048576K
}
Event: 12.425 GC heap after
{Heap after GC invocations=61 (full 0):
 garbage-first heap   total 620544K, used 163699K [0x0000000081a00000, 0x0000000100000000)
  region size 1024K, 22 young (22528K), 22 survivors (22528K)
 Metaspace       used 6578K, capacity 6789K, committed 6912K, reserved 1056768K
  class space    used 593K, capacity 663K, committed 768K, reserved 1048576K
}
Event: 12.850 GC heap before
{Heap before GC invocations=61 (full 0):
 garbage-first heap   total 620544K, used 512883K [0x0000000081a00000, 0x0000000100000000)
  region size 1024K, 363 young (371712K), 22 survivors (22528K)
 Metaspace       used 6578K, capacity 6789K, committed 6912K, reserved 1056768K
  class space    used 593K, capacity 663K, committed 768K, reserved 1048576K
}
Event: 12.867 GC heap after
{Heap after GC invocations=62 (full 0):
 garbage-first heap   total 620544K, used 169331K [0x0000000081a00000, 0x0000000100000000)
  region size 1024K, 28 young (28672K), 28 survivors (28672K)
 Metaspace       used 6578K, capacity 6789K, committed 6912K, reserved 1056768K
  class space    used 593K, capacity 663K, committed 768K, reserved 1048576K
}
Event: 14.101 GC heap before
{Heap before GC invocations=62 (full 0):
 garbage-first heap   total 620544K, used 504179K [0x0000000081a00000, 0x0000000100000000)
  region size 1024K, 224 young (229376K), 28 survivors (28672K)
 Metaspace       used 6737K, capacity 6898K, committed 7168K, reserved 1056768K
  class space    used 612K, capacity 674K, committed 768K, reserved 1048576K
}
Event: 14.128 GC heap after
{Heap after GC invocations=63 (full 0):
 garbage-first heap   total 620544K, used 239735K [0x0000000081a00000, 0x0000000100000000)
  region size 1024K, 44 young (45056K), 44 survivors (45056K)
 Metaspace       used 6737K, capacity 6898K, committed 7168K, reserved 1056768K
  class space    used 612K, capacity 674K, committed 768K, reserved 1048576K
}

