# JRE version: Java(TM) SE Runtime Environment (14.0.2+12) (build 14.0.2+12-46)
# Java VM: Java HotSpot(TM) 64-Bit Server VM (14.0.2+12-46, mixed mode, sharing, tiered, compressed oops, g1 gc, windows-amd64)
Heap:
 garbage-first heap   total 86016K, used 61089K [0x0000000081a00000, 0x0000000100000000)
  region size 1024K, 36 young (36864K), 11 survivors (11264K)
 Metaspace       used 6632K, capacity 6876K, committed 7168K, reserved 1056768K
  class space    used 602K, capacity 671K, committed 768K, reserved 1048576K
GC Heap History (20 events):
Event: 4.283 GC heap before
{Heap before GC invocations=23 (full 0):
 garbage-first heap   total 131072K, used 78995K [0x0000000081a00000, 0x0000000100000000)
  region size 1024K, 76 young (77824K), 1 survivors (1024K)
 Metaspace       used 3930K, capacity 5451K, committed 5760K, reserved 1056768K
  class space    used 347K, capacity 517K, committed 640K, reserved 1048576K
}
Event: 4.284 GC heap after
{Heap after GC invocations=24 (full 0):
 garbage-first heap   total 131072K, used 2195K [0x0000000081a00000, 0x0000000100000000)
  region size 1024K, 1 young (1024K), 1 survivors (1024K)
 Metaspace       used 3930K, capacity 5451K, committed 5760K, reserved 1056768K
  class space    used 347K, capacity 517K, committed 640K, reserved 1048576K
}
Event: 4.425 GC heap before
{Heap before GC invocations=24 (full 0):
 garbage-first heap   total 131072K, used 78995K [0x0000000081a00000, 0x0000000100000000)
  region size 1024K, 76 young (77824K), 1 survivors (1024K)
 Metaspace       used 3930K, capacity 5451K, committed 5760K, reserved 1056768K
  class space    used 347K, capacity 517K, committed 640K, reserved 1048576K
}
Event: 4.426 GC heap after
{Heap after GC invocations=25 (full 0):
 garbage-first heap   total 131072K, used 2199K [0x0000000081a00000, 0x0000000100000000)
  region size 1024K, 1 young (1024K), 1 survivors (1024K)
 Metaspace       used 3930K, capacity 5451K, committed 5760K, reserved 1056768K
  class space    used 347K, capacity 517K, committed 640K, reserved 1048576K
}
Event: 4.569 GC heap before
{Heap before GC invocations=25 (full 0):
 garbage-first heap   total 131072K, used 78999K [0x0000000081a00000, 0x0000000100000000)
  region size 1024K, 76 young (77824K), 1 survivors (1024K)
 Metaspace       used 3930K, capacity 5451K, committed 5760K, reserved 1056768K
  class space    used 347K, capacity 517K, committed 640K, reserved 1048576K
}
Event: 4.570 GC heap after
{Heap after GC invocations=26 (full 0):
 garbage-first heap   total 131072K, used 2199K [0x0000000081a00000, 0x0000000100000000)
  region size 1024K, 1 young (1024K), 1 survivors (1024K)
 Metaspace       used 3930K, capacity 5451K, committed 5760K, reserved 1056768K
  class space    used 347K, capacity 517K, committed 640K, reserved 1048576K
}
Event: 4.712 GC heap before
{Heap before GC invocations=26 (full 0):
 garbage-first heap   total 131072K, used 78999K [0x0000000081a00000, 0x0000000100000000)
  region size 1024K, 76 young (77824K), 1 survivors (1024K)
 Metaspace       used 3930K, capacity 5451K, committed 5760K, reserved 1056768K
  class space    used 347K, capacity 517K, committed 640K, reserved 1048576K
}
Event: 4.713 GC heap after
{Heap after GC invocations=27 (full 0):
 garbage-first heap   total 131072K, used 2199K [0x0000000081a00000, 0x0000000100000000)
  region size 1024K, 1 young (1024K), 1 survivors (1024K)
 Metaspace       used 3930K, capacity 5451K, committed 5760K, reserved 1056768K
  class space    used 347K, capacity 517K, committed 640K, reserved 1048576K
}
Event: 4.855 GC heap before
{Heap before GC invocations=27 (full 0):
 garbage-first heap   total 131072K, used 78999K [0x0000000081a00000, 0x0000000100000000)
  region size 1024K, 76 young (77824K), 1 survivors (1024K)
 Metaspace       used 3930K, capacity 5451K, committed 5760K, reserved 1056768K
  class space    used 347K, capacity 517K, committed 640K, reserved 1048576K
}
Event: 4.856 GC heap after
{Heap after GC invocations=28 (full 0):
 garbage-first heap   total 131072K, used 2199K [0x0000000081a00000, 0x0000000100000000)
  region size 1024K, 1 young (1024K), 1 survivors (1024K)
 Metaspace       used 3930K, capacity 5451K, committed 5760K, reserved 1056768K
  class space    used 347K, capacity 517K, committed 640K, reserved 1048576K
}
Event: 5.024 GC heap before
{Heap before GC invocations=28 (full 0):
 garbage-first heap   total 131072K, used 78999K [0x0000000081a00000, 0x0000000100000000)
  region size 1024K, 76 young (77824K), 1 survivors (1024K)
 Metaspace       used 3930K, capacity 5451K, committed 5760K, reserved 1056768K
  class space    used 347K, capacity 517K, committed 640K, reserved 1048576K
}
Event: 5.025 GC heap after
{Heap after GC invocations=29 (full 0):
 garbage-first heap   total 131072K, used 2199K [0x0000000081a00000, 0x0000000100000000)
  region size 1024K, 1 young (1024K), 1 survivors (1024K)
 Metaspace       used 3930K, capacity 5451K, committed 5760K, reserved 1056768K
  class space    used 347K, capacity 517K, committed 640K, reserved 1048576K
}
Event: 5.862 GC heap before
{Heap before GC invocations=29 (full 0):
 garbage-first heap   total 131072K, used 78999K [0x0000000081a00000, 0x0000000100000000)
  region size 1024K, 76 young (77824K), 1 survivors (1024K)
 Metaspace       used 5316K, capacity 6347K, committed 6528K, reserved 1056768K
  class space    used 493K, capacity 600K, committed 640K, reserved 1048576K
}
Event: 5.867 GC heap after
{Heap after GC invocations=30 (full 0):
 garbage-first heap   total 131072K, used 5295K [0x0000000081a00000, 0x0000000100000000)
  region size 1024K, 4 young (4096K), 4 survivors (4096K)
 Metaspace       used 5316K, capacity 6347K, committed 6528K, reserved 1056768K
  class space    used 493K, capacity 600K, committed 640K, reserved 1048576K
}
Event: 6.389 GC heap before
{Heap before GC invocations=30 (full 0):
 garbage-first heap   total 148480K, used 125103K [0x0000000081a00000, 0x0000000100000000)
  region size 1024K, 66 young (67584K), 4 survivors (4096K)
 Metaspace       used 6177K, capacity 6693K, committed 6912K, reserved 1056768K
  class space    used 578K, capacity 653K, committed 768K, reserved 1048576K
}
Event: 6.395 GC heap after
{Heap after GC invocations=31 (full 0):
 garbage-first heap   total 148480K, used 25147K [0x0000000081a00000, 0x0000000100000000)
  region size 1024K, 6 young (6144K), 6 survivors (6144K)
 Metaspace       used 6177K, capacity 6693K, committed 6912K, reserved 1056768K
  class space    used 578K, capacity 653K, committed 768K, reserved 1048576K
}
Event: 6.424 GC heap before
{Heap before GC invocations=32 (full 0):
 garbage-first heap   total 148480K, used 76347K [0x0000000081a00000, 0x0000000100000000)
  region size 1024K, 7 young (7168K), 6 survivors (6144K)
 Metaspace       used 6177K, capacity 6693K, committed 6912K, reserved 1056768K
  class space    used 578K, capacity 653K, committed 768K, reserved 1048576K
}
Event: 6.428 GC heap after
{Heap after GC invocations=33 (full 0):
 garbage-first heap   total 148480K, used 41704K [0x0000000081a00000, 0x0000000100000000)
  region size 1024K, 6 young (6144K), 6 survivors (6144K)
 Metaspace       used 6177K, capacity 6693K, committed 6912K, reserved 1056768K
  class space    used 578K, capacity 653K, committed 768K, reserved 1048576K
}
Event: 7.134 GC heap before
{Heap before GC invocations=34 (full 0):
 garbage-first heap   total 148480K, used 112360K [0x0000000081a00000, 0x0000000100000000)
  region size 1024K, 47 young (48128K), 6 survivors (6144K)
 Metaspace       used 6461K, capacity 6786K, committed 6912K, reserved 1056768K
  class space    used 587K, capacity 662K, committed 768K, reserved 1048576K
}
Event: 7.148 GC heap after
{Heap after GC invocations=35 (full 0):
 garbage-first heap   total 148480K, used 24225K [0x0000000081a00000, 0x0000000100000000)
  region size 1024K, 11 young (11264K), 11 survivors (11264K)
 Metaspace       used 6461K, capacity 6786K, committed 6912K, reserved 1056768K
  class space    used 587K, capacity 662K, committed 768K, reserved 1048576K
}

