# JRE version: Java(TM) SE Runtime Environment (14.0.2+12) (build 14.0.2+12-46)
# Java VM: Java HotSpot(TM) 64-Bit Server VM (14.0.2+12-46, mixed mode, sharing, tiered, compressed oops, g1 gc, windows-amd64)
Heap:
 garbage-first heap   total 419840K, used 209173K [0x0000000081a00000, 0x0000000100000000)
  region size 1024K, 25 young (25600K), 3 survivors (3072K)
 Metaspace       used 7526K, capacity 7803K, committed 8064K, reserved 1056768K
  class space    used 700K, capacity 788K, committed 896K, reserved 1048576K
GC Heap History (20 events):
Event: 8.717 GC heap before
{Heap before GC invocations=34 (full 0):
 garbage-first heap   total 148480K, used 117861K [0x0000000081a00000, 0x0000000100000000)
  region size 1024K, 52 young (53248K), 6 survivors (6144K)
 Metaspace       used 6525K, capacity 6803K, committed 6912K, reserved 1056768K
  class space    used 594K, capacity 668K, committed 768K, reserved 1048576K
}
Event: 8.731 GC heap after
{Heap after GC invocations=35 (full 0):
 garbage-first heap   total 148480K, used 24384K [0x0000000081a00000, 0x0000000100000000)
  region size 1024K, 11 young (11264K), 11 survivors (11264K)
 Metaspace       used 6525K, capacity 6803K, committed 6912K, reserved 1056768K
  class space    used 594K, capacity 668K, committed 768K, reserved 1048576K
}
Event: 8.769 GC heap before
{Heap before GC invocations=36 (full 0):
 garbage-first heap   total 130048K, used 69440K [0x0000000081a00000, 0x0000000100000000)
  region size 1024K, 12 young (12288K), 11 survivors (11264K)
 Metaspace       used 6525K, capacity 6803K, committed 6912K, reserved 1056768K
  class space    used 594K, capacity 668K, committed 768K, reserved 1048576K
}
Event: 8.773 GC heap after
{Heap after GC invocations=37 (full 0):
 garbage-first heap   total 160768K, used 30210K [0x0000000081a00000, 0x0000000100000000)
  region size 1024K, 1 young (1024K), 1 survivors (1024K)
 Metaspace       used 6525K, capacity 6803K, committed 6912K, reserved 1056768K
  class space    used 594K, capacity 668K, committed 768K, reserved 1048576K
}
Event: 8.799 GC heap before
{Heap before GC invocations=38 (full 0):
 garbage-first heap   total 137216K, used 73218K [0x0000000081a00000, 0x0000000100000000)
  region size 1024K, 2 young (2048K), 1 survivors (1024K)
 Metaspace       used 6525K, capacity 6803K, committed 6912K, reserved 1056768K
  class space    used 594K, capacity 668K, committed 768K, reserved 1048576K
}
Event: 8.800 GC heap after
{Heap after GC invocations=39 (full 0):
 garbage-first heap   total 137216K, used 45893K [0x0000000081a00000, 0x0000000100000000)
  region size 1024K, 1 young (1024K), 1 survivors (1024K)
 Metaspace       used 6525K, capacity 6803K, committed 6912K, reserved 1056768K
  class space    used 594K, capacity 668K, committed 768K, reserved 1048576K
}
Event: 8.838 GC heap before
{Heap before GC invocations=40 (full 0):
 garbage-first heap   total 137216K, used 63301K [0x0000000081a00000, 0x0000000100000000)
  region size 1024K, 2 young (2048K), 1 survivors (1024K)
 Metaspace       used 6525K, capacity 6803K, committed 6912K, reserved 1056768K
  class space    used 594K, capacity 668K, committed 768K, reserved 1048576K
}
Event: 8.839 GC heap after
{Heap after GC invocations=41 (full 0):
 garbage-first heap   total 137216K, used 45650K [0x0000000081a00000, 0x0000000100000000)
  region size 1024K, 1 young (1024K), 1 survivors (1024K)
 Metaspace       used 6525K, capacity 6803K, committed 6912K, reserved 1056768K
  class space    used 594K, capacity 668K, committed 768K, reserved 1048576K
}
Event: 8.944 GC heap before
{Heap before GC invocations=42 (full 0):
 garbage-first heap   total 203776K, used 146002K [0x0000000081a00000, 0x0000000100000000)
  region size 1024K, 2 young (2048K), 1 survivors (1024K)
 Metaspace       used 6525K, capacity 6803K, committed 6912K, reserved 1056768K
  class space    used 594K, capacity 668K, committed 768K, reserved 1048576K
}
Event: 8.944 GC heap after
{Heap after GC invocations=43 (full 0):
 garbage-first heap   total 203776K, used 78360K [0x0000000081a00000, 0x0000000100000000)
  region size 1024K, 1 young (1024K), 1 survivors (1024K)
 Metaspace       used 6525K, capacity 6803K, committed 6912K, reserved 1056768K
  class space    used 594K, capacity 668K, committed 768K, reserved 1048576K
}
Event: 9.101 GC heap before
{Heap before GC invocations=44 (full 0):
 garbage-first heap   total 419840K, used 277016K [0x0000000081a00000, 0x0000000100000000)
  region size 1024K, 2 young (2048K), 1 survivors (1024K)
 Metaspace       used 6525K, capacity 6803K, committed 6912K, reserved 1056768K
  class space    used 594K, capacity 668K, committed 768K, reserved 1048576K
}
Event: 9.102 GC heap after
{Heap after GC invocations=45 (full 0):
 garbage-first heap   total 419840K, used 143878K [0x0000000081a00000, 0x0000000100000000)
  region size 1024K, 1 young (1024K), 1 survivors (1024K)
 Metaspace       used 6525K, capacity 6803K, committed 6912K, reserved 1056768K
  class space    used 594K, capacity 668K, committed 768K, reserved 1048576K
}
Event: 9.368 GC heap before
{Heap before GC invocations=46 (full 0):
 garbage-first heap   total 419840K, used 208390K [0x0000000081a00000, 0x0000000100000000)
  region size 1024K, 2 young (2048K), 1 survivors (1024K)
 Metaspace       used 6525K, capacity 6803K, committed 6912K, reserved 1056768K
  class space    used 594K, capacity 668K, committed 768K, reserved 1048576K
}
Event: 9.370 GC heap after
{Heap after GC invocations=47 (full 0):
 garbage-first heap   total 419840K, used 143878K [0x0000000081a00000, 0x0000000100000000)
  region size 1024K, 1 young (1024K), 1 survivors (1024K)
 Metaspace       used 6525K, capacity 6803K, committed 6912K, reserved 1056768K
  class space    used 594K, capacity 668K, committed 768K, reserved 1048576K
}
Event: 9.990 GC heap before
{Heap before GC invocations=48 (full 0):
 garbage-first heap   total 419840K, used 240134K [0x0000000081a00000, 0x0000000100000000)
  region size 1024K, 54 young (55296K), 1 survivors (1024K)
 Metaspace       used 6534K, capacity 6803K, committed 6912K, reserved 1056768K
  class space    used 595K, capacity 668K, committed 768K, reserved 1048576K
}
Event: 10.037 GC heap after
{Heap after GC invocations=49 (full 0):
 garbage-first heap   total 419840K, used 206017K [0x0000000081a00000, 0x0000000100000000)
  region size 1024K, 24 young (24576K), 24 survivors (24576K)
 Metaspace       used 6534K, capacity 6803K, committed 6912K, reserved 1056768K
  class space    used 595K, capacity 668K, committed 768K, reserved 1048576K
}
Event: 10.236 GC heap before
{Heap before GC invocations=50 (full 0):
 garbage-first heap   total 419840K, used 244929K [0x0000000081a00000, 0x0000000100000000)
  region size 1024K, 60 young (61440K), 24 survivors (24576K)
 Metaspace       used 6602K, capacity 6821K, committed 7168K, reserved 1056768K
  class space    used 601K, capacity 674K, committed 768K, reserved 1048576K
}
Event: 10.237 GC heap after
{Heap after GC invocations=51 (full 0):
 garbage-first heap   total 419840K, used 178690K [0x0000000081a00000, 0x0000000100000000)
  region size 1024K, 3 young (3072K), 3 survivors (3072K)
 Metaspace       used 6602K, capacity 6821K, committed 7168K, reserved 1056768K
  class space    used 601K, capacity 674K, committed 768K, reserved 1048576K
}
Event: 10.511 GC heap before
{Heap before GC invocations=51 (full 0):
 garbage-first heap   total 419840K, used 240130K [0x0000000081a00000, 0x0000000100000000)
  region size 1024K, 60 young (61440K), 3 survivors (3072K)
 Metaspace       used 6753K, capacity 6986K, committed 7168K, reserved 1056768K
  class space    used 613K, capacity 681K, committed 768K, reserved 1048576K
}
Event: 10.513 GC heap after
{Heap after GC invocations=52 (full 0):
 garbage-first heap   total 419840K, used 178453K [0x0000000081a00000, 0x0000000100000000)
  region size 1024K, 3 young (3072K), 3 survivors (3072K)
 Metaspace       used 6753K, capacity 6986K, committed 7168K, reserved 1056768K
  class space    used 613K, capacity 681K, committed 768K, reserved 1048576K
}

