# JRE version: Java(TM) SE Runtime Environment (14.0.2+12) (build 14.0.2+12-46)
# Java VM: Java HotSpot(TM) 64-Bit Server VM (14.0.2+12-46, mixed mode, sharing, tiered, compressed oops, g1 gc, windows-amd64)
Heap:
 garbage-first heap   total 96256K, used 61480K [0x0000000081a00000, 0x0000000100000000)
  region size 1024K, 36 young (36864K), 11 survivors (11264K)
 Metaspace       used 6985K, capacity 7224K, committed 7424K, reserved 1056768K
  class space    used 619K, capacity 696K, committed 768K, reserved 1048576K
GC Heap History (20 events):
Event: 4.546 GC heap before
{Heap before GC invocations=23 (full 0):
 garbage-first heap   total 131072K, used 79240K [0x0000000081a00000, 0x0000000100000000)
  region size 1024K, 76 young (77824K), 1 survivors (1024K)
 Metaspace       used 3953K, capacity 5452K, committed 5760K, reserved 1056768K
  class space    used 347K, capacity 517K, committed 640K, reserved 1048576K
}
Event: 4.547 GC heap after
{Heap after GC invocations=24 (full 0):
 garbage-first heap   total 131072K, used 2442K [0x0000000081a00000, 0x0000000100000000)
  region size 1024K, 1 young (1024K), 1 survivors (1024K)
 Metaspace       used 3953K, capacity 5452K, committed 5760K, reserved 1056768K
  class space    used 347K, capacity 517K, committed 640K, reserved 1048576K
}
Event: 4.701 GC heap before
{Heap before GC invocations=24 (full 0):
 garbage-first heap   total 131072K, used 79242K [0x0000000081a00000, 0x0000000100000000)
  region size 1024K, 76 young (77824K), 1 survivors (1024K)
 Metaspace       used 3953K, capacity 5452K, committed 5760K, reserved 1056768K
  class space    used 347K, capacity 517K, committed 640K, reserved 1048576K
}
Event: 4.701 GC heap after
{Heap after GC invocations=25 (full 0):
 garbage-first heap   total 131072K, used 2442K [0x0000000081a00000, 0x0000000100000000)
  region size 1024K, 1 young (1024K), 1 survivors (1024K)
 Metaspace       used 3953K, capacity 5452K, committed 5760K, reserved 1056768K
  class space    used 347K, capacity 517K, committed 640K, reserved 1048576K
}
Event: 4.847 GC heap before
{Heap before GC invocations=25 (full 0):
 garbage-first heap   total 131072K, used 79242K [0x0000000081a00000, 0x0000000100000000)
  region size 1024K, 76 young (77824K), 1 survivors (1024K)
 Metaspace       used 3953K, capacity 5452K, committed 5760K, reserved 1056768K
  class space    used 347K, capacity 517K, committed 640K, reserved 1048576K
}
Event: 4.848 GC heap after
{Heap after GC invocations=26 (full 0):
 garbage-first heap   total 131072K, used 2442K [0x0000000081a00000, 0x0000000100000000)
  region size 1024K, 1 young (1024K), 1 survivors (1024K)
 Metaspace       used 3953K, capacity 5452K, committed 5760K, reserved 1056768K
  class space    used 347K, capacity 517K, committed 640K, reserved 1048576K
}
Event: 4.994 GC heap before
{Heap before GC invocations=26 (full 0):
 garbage-first heap   total 131072K, used 79242K [0x0000000081a00000, 0x0000000100000000)
  region size 1024K, 76 young (77824K), 1 survivors (1024K)
 Metaspace       used 3953K, capacity 5452K, committed 5760K, reserved 1056768K
  class space    used 347K, capacity 517K, committed 640K, reserved 1048576K
}
Event: 4.995 GC heap after
{Heap after GC invocations=27 (full 0):
 garbage-first heap   total 131072K, used 2442K [0x0000000081a00000, 0x0000000100000000)
  region size 1024K, 1 young (1024K), 1 survivors (1024K)
 Metaspace       used 3953K, capacity 5452K, committed 5760K, reserved 1056768K
  class space    used 347K, capacity 517K, committed 640K, reserved 1048576K
}
Event: 5.139 GC heap before
{Heap before GC invocations=27 (full 0):
 garbage-first heap   total 131072K, used 79242K [0x0000000081a00000, 0x0000000100000000)
  region size 1024K, 76 young (77824K), 1 survivors (1024K)
 Metaspace       used 3953K, capacity 5452K, committed 5760K, reserved 1056768K
  class space    used 347K, capacity 517K, committed 640K, reserved 1048576K
}
Event: 5.140 GC heap after
{Heap after GC invocations=28 (full 0):
 garbage-first heap   total 131072K, used 2442K [0x0000000081a00000, 0x0000000100000000)
  region size 1024K, 1 young (1024K), 1 survivors (1024K)
 Metaspace       used 3953K, capacity 5452K, committed 5760K, reserved 1056768K
  class space    used 347K, capacity 517K, committed 640K, reserved 1048576K
}
Event: 5.285 GC heap before
{Heap before GC invocations=28 (full 0):
 garbage-first heap   total 131072K, used 79242K [0x0000000081a00000, 0x0000000100000000)
  region size 1024K, 76 young (77824K), 1 survivors (1024K)
 Metaspace       used 3953K, capacity 5452K, committed 5760K, reserved 1056768K
  class space    used 347K, capacity 517K, committed 640K, reserved 1048576K
}
Event: 5.286 GC heap after
{Heap after GC invocations=29 (full 0):
 garbage-first heap   total 131072K, used 2442K [0x0000000081a00000, 0x0000000100000000)
  region size 1024K, 1 young (1024K), 1 survivors (1024K)
 Metaspace       used 3953K, capacity 5452K, committed 5760K, reserved 1056768K
  class space    used 347K, capacity 517K, committed 640K, reserved 1048576K
}
Event: 6.279 GC heap before
{Heap before GC invocations=29 (full 0):
 garbage-first heap   total 131072K, used 79242K [0x0000000081a00000, 0x0000000100000000)
  region size 1024K, 76 young (77824K), 1 survivors (1024K)
 Metaspace       used 5354K, capacity 6347K, committed 6528K, reserved 1056768K
  class space    used 493K, capacity 600K, committed 640K, reserved 1048576K
}
Event: 6.285 GC heap after
{Heap after GC invocations=30 (full 0):
 garbage-first heap   total 131072K, used 5532K [0x0000000081a00000, 0x0000000100000000)
  region size 1024K, 4 young (4096K), 4 survivors (4096K)
 Metaspace       used 5354K, capacity 6347K, committed 6528K, reserved 1056768K
  class space    used 493K, capacity 600K, committed 640K, reserved 1048576K
}
Event: 6.849 GC heap before
{Heap before GC invocations=30 (full 0):
 garbage-first heap   total 148480K, used 125340K [0x0000000081a00000, 0x0000000100000000)
  region size 1024K, 66 young (67584K), 4 survivors (4096K)
 Metaspace       used 6199K, capacity 6693K, committed 6912K, reserved 1056768K
  class space    used 578K, capacity 653K, committed 768K, reserved 1048576K
}
Event: 6.855 GC heap after
{Heap after GC invocations=31 (full 0):
 garbage-first heap   total 148480K, used 25388K [0x0000000081a00000, 0x0000000100000000)
  region size 1024K, 6 young (6144K), 6 survivors (6144K)
 Metaspace       used 6199K, capacity 6693K, committed 6912K, reserved 1056768K
  class space    used 578K, capacity 653K, committed 768K, reserved 1048576K
}
Event: 6.887 GC heap before
{Heap before GC invocations=32 (full 0):
 garbage-first heap   total 148480K, used 76588K [0x0000000081a00000, 0x0000000100000000)
  region size 1024K, 7 young (7168K), 6 survivors (6144K)
 Metaspace       used 6199K, capacity 6693K, committed 6912K, reserved 1056768K
  class space    used 578K, capacity 653K, committed 768K, reserved 1048576K
}
Event: 6.892 GC heap after
{Heap after GC invocations=33 (full 0):
 garbage-first heap   total 148480K, used 42237K [0x0000000081a00000, 0x0000000100000000)
  region size 1024K, 6 young (6144K), 6 survivors (6144K)
 Metaspace       used 6199K, capacity 6693K, committed 6912K, reserved 1056768K
  class space    used 578K, capacity 653K, committed 768K, reserved 1048576K
}
Event: 8.026 GC heap before
{Heap before GC invocations=34 (full 0):
 garbage-first heap   total 148480K, used 116989K [0x0000000081a00000, 0x0000000100000000)
  region size 1024K, 52 young (53248K), 6 survivors (6144K)
 Metaspace       used 6856K, capacity 7047K, committed 7168K, reserved 1056768K
  class space    used 615K, capacity 664K, committed 768K, reserved 1048576K
}
Event: 8.043 GC heap after
{Heap after GC invocations=35 (full 0):
 garbage-first heap   total 148480K, used 26664K [0x0000000081a00000, 0x0000000100000000)
  region size 1024K, 11 young (11264K), 11 survivors (11264K)
 Metaspace       used 6856K, capacity 7047K, committed 7168K, reserved 1056768K
  class space    used 615K, capacity 664K, committed 768K, reserved 1048576K
}

