# JRE version: Java(TM) SE Runtime Environment (14.0.2+12) (build 14.0.2+12-46)
# Java VM: Java HotSpot(TM) 64-Bit Server VM (14.0.2+12-46, mixed mode, sharing, tiered, compressed oops, g1 gc, windows-amd64)
Heap:
 garbage-first heap   total 147456K, used 117961K [0x0000000081a00000, 0x0000000100000000)
  region size 1024K, 61 young (62464K), 2 survivors (2048K)
 Metaspace       used 6616K, capacity 6851K, committed 7168K, reserved 1056768K
  class space    used 590K, capacity 662K, committed 768K, reserved 1048576K
GC Heap History (20 events):
Event: 7.285 GC heap before
{Heap before GC invocations=38 (full 0):
 garbage-first heap   total 107520K, used 34513K [0x0000000081a00000, 0x0000000100000000)
  region size 1024K, 2 young (2048K), 1 survivors (1024K)
 Metaspace       used 6466K, capacity 6722K, committed 6912K, reserved 1056768K
  class space    used 586K, capacity 662K, committed 768K, reserved 1048576K
}
Event: 7.286 GC heap after
{Heap after GC invocations=39 (full 0):
 garbage-first heap   total 107520K, used 23734K [0x0000000081a00000, 0x0000000100000000)
  region size 1024K, 1 young (1024K), 1 survivors (1024K)
 Metaspace       used 6466K, capacity 6722K, committed 6912K, reserved 1056768K
  class space    used 586K, capacity 662K, committed 768K, reserved 1048576K
}
Event: 7.373 GC heap before
{Heap before GC invocations=40 (full 0):
 garbage-first heap   total 107520K, used 48310K [0x0000000081a00000, 0x0000000100000000)
  region size 1024K, 2 young (2048K), 1 survivors (1024K)
 Metaspace       used 6466K, capacity 6722K, committed 6912K, reserved 1056768K
  class space    used 586K, capacity 662K, committed 768K, reserved 1048576K
}
Event: 7.374 GC heap after
{Heap after GC invocations=41 (full 0):
 garbage-first heap   total 107520K, used 29514K [0x0000000081a00000, 0x0000000100000000)
  region size 1024K, 1 young (1024K), 1 survivors (1024K)
 Metaspace       used 6466K, capacity 6722K, committed 6912K, reserved 1056768K
  class space    used 586K, capacity 662K, committed 768K, reserved 1048576K
}
Event: 7.503 GC heap before
{Heap before GC invocations=42 (full 0):
 garbage-first heap   total 141312K, used 80714K [0x0000000081a00000, 0x0000000100000000)
  region size 1024K, 2 young (2048K), 1 survivors (1024K)
 Metaspace       used 6466K, capacity 6722K, committed 6912K, reserved 1056768K
  class space    used 586K, capacity 662K, committed 768K, reserved 1048576K
}
Event: 7.504 GC heap after
{Heap after GC invocations=43 (full 0):
 garbage-first heap   total 141312K, used 45797K [0x0000000081a00000, 0x0000000100000000)
  region size 1024K, 1 young (1024K), 1 survivors (1024K)
 Metaspace       used 6466K, capacity 6722K, committed 6912K, reserved 1056768K
  class space    used 586K, capacity 662K, committed 768K, reserved 1048576K
}
Event: 7.659 GC heap before
{Heap before GC invocations=44 (full 0):
 garbage-first heap   total 141312K, used 58085K [0x0000000081a00000, 0x0000000100000000)
  region size 1024K, 2 young (2048K), 1 survivors (1024K)
 Metaspace       used 6466K, capacity 6722K, committed 6912K, reserved 1056768K
  class space    used 586K, capacity 662K, committed 768K, reserved 1048576K
}
Event: 7.659 GC heap after
{Heap after GC invocations=45 (full 0):
 garbage-first heap   total 141312K, used 45782K [0x0000000081a00000, 0x0000000100000000)
  region size 1024K, 1 young (1024K), 1 survivors (1024K)
 Metaspace       used 6466K, capacity 6722K, committed 6912K, reserved 1056768K
  class space    used 586K, capacity 662K, committed 768K, reserved 1048576K
}
Event: 7.963 GC heap before
{Heap before GC invocations=46 (full 0):
 garbage-first heap   total 141312K, used 134870K [0x0000000081a00000, 0x0000000100000000)
  region size 1024K, 66 young (67584K), 1 survivors (1024K)
 Metaspace       used 6528K, capacity 6787K, committed 6912K, reserved 1056768K
  class space    used 589K, capacity 662K, committed 768K, reserved 1048576K
}
Event: 7.969 GC heap after
{Heap after GC invocations=47 (full 0):
 garbage-first heap   total 147456K, used 56739K [0x0000000081a00000, 0x0000000100000000)
  region size 1024K, 9 young (9216K), 9 survivors (9216K)
 Metaspace       used 6528K, capacity 6787K, committed 6912K, reserved 1056768K
  class space    used 589K, capacity 662K, committed 768K, reserved 1048576K
}
Event: 8.243 GC heap before
{Heap before GC invocations=47 (full 0):
 garbage-first heap   total 147456K, used 117155K [0x0000000081a00000, 0x0000000100000000)
  region size 1024K, 68 young (69632K), 9 survivors (9216K)
 Metaspace       used 6556K, capacity 6787K, committed 6912K, reserved 1056768K
  class space    used 589K, capacity 662K, committed 768K, reserved 1048576K
}
Event: 8.245 GC heap after
{Heap after GC invocations=48 (full 0):
 garbage-first heap   total 147456K, used 57090K [0x0000000081a00000, 0x0000000100000000)
  region size 1024K, 1 young (1024K), 1 survivors (1024K)
 Metaspace       used 6556K, capacity 6787K, committed 6912K, reserved 1056768K
  class space    used 589K, capacity 662K, committed 768K, reserved 1048576K
}
Event: 8.398 GC heap before
{Heap before GC invocations=48 (full 0):
 garbage-first heap   total 147456K, used 118530K [0x0000000081a00000, 0x0000000100000000)
  region size 1024K, 61 young (62464K), 1 survivors (1024K)
 Metaspace       used 6556K, capacity 6787K, committed 6912K, reserved 1056768K
  class space    used 589K, capacity 662K, committed 768K, reserved 1048576K
}
Event: 8.400 GC heap after
{Heap after GC invocations=49 (full 0):
 garbage-first heap   total 147456K, used 57427K [0x0000000081a00000, 0x0000000100000000)
  region size 1024K, 1 young (1024K), 1 survivors (1024K)
 Metaspace       used 6556K, capacity 6787K, committed 6912K, reserved 1056768K
  class space    used 589K, capacity 662K, committed 768K, reserved 1048576K
}
Event: 8.532 GC heap before
{Heap before GC invocations=49 (full 0):
 garbage-first heap   total 147456K, used 119891K [0x0000000081a00000, 0x0000000100000000)
  region size 1024K, 62 young (63488K), 1 survivors (1024K)
 Metaspace       used 6556K, capacity 6787K, committed 6912K, reserved 1056768K
  class space    used 589K, capacity 662K, committed 768K, reserved 1048576K
}
Event: 8.534 GC heap after
{Heap after GC invocations=50 (full 0):
 garbage-first heap   total 147456K, used 57746K [0x0000000081a00000, 0x0000000100000000)
  region size 1024K, 1 young (1024K), 1 survivors (1024K)
 Metaspace       used 6556K, capacity 6787K, committed 6912K, reserved 1056768K
  class space    used 589K, capacity 662K, committed 768K, reserved 1048576K
}
Event: 8.669 GC heap before
{Heap before GC invocations=50 (full 0):
 garbage-first heap   total 147456K, used 121234K [0x0000000081a00000, 0x0000000100000000)
  region size 1024K, 63 young (64512K), 1 survivors (1024K)
 Metaspace       used 6556K, capacity 6787K, committed 6912K, reserved 1056768K
  class space    used 589K, capacity 662K, committed 768K, reserved 1048576K
}
Event: 8.670 GC heap after
{Heap after GC invocations=51 (full 0):
 garbage-first heap   total 147456K, used 58163K [0x0000000081a00000, 0x0000000100000000)
  region size 1024K, 2 young (2048K), 2 survivors (2048K)
 Metaspace       used 6556K, capacity 6787K, committed 6912K, reserved 1056768K
  class space    used 589K, capacity 662K, committed 768K, reserved 1048576K
}
Event: 8.790 GC heap before
{Heap before GC invocations=51 (full 0):
 garbage-first heap   total 147456K, used 122675K [0x0000000081a00000, 0x0000000100000000)
  region size 1024K, 65 young (66560K), 2 survivors (2048K)
 Metaspace       used 6556K, capacity 6787K, committed 6912K, reserved 1056768K
  class space    used 589K, capacity 662K, committed 768K, reserved 1048576K
}
Event: 8.792 GC heap after
{Heap after GC invocations=52 (full 0):
 garbage-first heap   total 147456K, used 58569K [0x0000000081a00000, 0x0000000100000000)
  region size 1024K, 2 young (2048K), 2 survivors (2048K)
 Metaspace       used 6556K, capacity 6787K, committed 6912K, reserved 1056768K
  class space    used 589K, capacity 662K, committed 768K, reserved 1048576K
}

